生成启动时间为 2019/1/14 19:26:05。
     1>项目“C:\Users\sb\documents\visual studio 2010\Projects\SPP\SPP\SPP.vcxproj”在节点 2 上(build 个目标)。
     1>InitializeBuildStatus:
         正在创建“Debug\SPP.unsuccessfulbuild”，因为已指定“AlwaysCreate”。
       ClCompile:
         所有输出均为最新。
         C:\Program Files (x86)\Microsoft Visual Studio 10.0\VC\bin\CL.exe /c /ZI /nologo /W3 /WX- /Od /Oy- /D WIN32 /D _WINDOWS /D _DEBUG /D _MBCS /D _AFXDLL /Gm /EHsc /RTC1 /MDd /GS /fp:precise /Zc:wchar_t /Zc:forScope /Yu"StdAfx.h" /Fp"Debug\SPP.pch" /Fo"Debug\\" /Fd"Debug\vc100.pdb" /Gd /TP /analyze- /errorReport:prompt CalCulate.cpp DataFile.cpp SPPDlg.cpp
         SPPDlg.cpp
     1>c:\users\sb\documents\visual studio 2010\projects\spp\spp\sppdlg.cpp(632): warning C4244: “初始化”: 从“double”转换到“float”，可能丢失数据
     1>c:\users\sb\documents\visual studio 2010\projects\spp\spp\sppdlg.cpp(633): warning C4244: “初始化”: 从“double”转换到“float”，可能丢失数据
     1>c:\users\sb\documents\visual studio 2010\projects\spp\spp\sppdlg.cpp(642): warning C4244: “=”: 从“float”转换到“LONG”，可能丢失数据
     1>c:\users\sb\documents\visual studio 2010\projects\spp\spp\sppdlg.cpp(643): warning C4244: “=”: 从“float”转换到“LONG”，可能丢失数据
     1>c:\users\sb\documents\visual studio 2010\projects\spp\spp\sppdlg.cpp(644): warning C4244: “=”: 从“float”转换到“LONG”，可能丢失数据
     1>c:\users\sb\documents\visual studio 2010\projects\spp\spp\sppdlg.cpp(645): warning C4244: “=”: 从“float”转换到“LONG”，可能丢失数据
         DataFile.cpp
         正在生成代码...
         正在跳过...(未检测到相关更改)
         CalCulate.cpp
       ResourceCompile:
         所有输出均为最新。
       ManifestResourceCompile:
         所有输出均为最新。
       Link:
         C:\Program Files (x86)\Microsoft Visual Studio 10.0\VC\bin\link.exe /ERRORREPORT:PROMPT /OUT:"C:\Users\sb\documents\visual studio 2010\Projects\SPP\Debug\SPP.exe" /INCREMENTAL /NOLOGO /MANIFEST /ManifestFile:"Debug\SPP.exe.intermediate.manifest" /MANIFESTUAC:"level='asInvoker' uiAccess='false'" /DEBUG /PDB:"C:\Users\sb\documents\visual studio 2010\Projects\SPP\Debug\SPP.pdb" /SUBSYSTEM:WINDOWS /TLBID:1 /DYNAMICBASE /NXCOMPAT /IMPLIB:"C:\Users\sb\documents\visual studio 2010\Projects\SPP\Debug\SPP.lib" /MACHINE:X86 Debug\SPP.res
         Debug\SPP.exe.embed.manifest.res
         Debug\CalCulate.obj
         Debug\DataFile.obj
         Debug\Matrix.obj
         Debug\SPP.obj
         Debug\SPPDlg.obj
         Debug\stdafx.obj
         Debug\utils.obj
       Manifest:
         C:\Program Files (x86)\Microsoft SDKs\Windows\v7.0A\bin\mt.exe /nologo /verbose /out:"Debug\SPP.exe.embed.manifest" /manifest Debug\SPP.exe.intermediate.manifest "C:\Program Files (x86)\Microsoft Visual Studio 10.0\VC\Include\Manifest\dpiaware.manifest"
         所有输出均为最新。
       LinkEmbedManifest:
         所有输出均为最新。
         SPP.vcxproj -> C:\Users\sb\documents\visual studio 2010\Projects\SPP\Debug\SPP.exe
       FinalizeBuildStatus:
         正在删除文件“Debug\SPP.unsuccessfulbuild”。
         正在对“Debug\SPP.lastbuildstate”执行 Touch 任务。
     1>已完成生成项目“C:\Users\sb\documents\visual studio 2010\Projects\SPP\SPP\SPP.vcxproj”(build 个目标)的操作。

生成成功。

已用时间 00:00:07.17
